<?xml version="1.0" encoding="UTF-8"?>
<!-- Generated by org.testng.reporters.JUnitXMLReporter -->
<testsuite ignored="2" hostname="DESKTOP-5EVK54D" failures="0" tests="9" name="Test" time="16.329" errors="0" timestamp="2023-05-10T08:28:57 IST">
  <testcase classname="testclasses.SearchTest" name="verifyTitle" time="0.037"/>
  <testcase classname="testclasses.SearchTest" name="searchProduct" time="0.268"/>
  <testcase classname="testclasses.SearchTest" name="validateSearchResults" time="3.268"/>
  <testcase classname="testclasses.SpiritsTest" name="selectProduct" time="1.16"/>
  <testcase classname="testclasses.SpiritsTest" name="sortByHighPrice" time="4.334"/>
  <testcase classname="testclasses.SpiritsTest" name="sortByAlphabet" time="3.356"/>
  <testcase classname="testclasses.AddToCartTest" name="selectItem" time="1.61"/>
  <testcase classname="testclasses.AddToCartTest" name="verifyAddToCart" time="0.171"/>
  <testcase classname="testclasses.AddToCartTest" name="searchOnCartPage" time="1.822"/>
  <testcase classname="testclasses.BaseTest" name="@BeforeSuite initBrowser" time="0.0">
    <ignored/>
  </testcase> <!-- @BeforeSuite initBrowser -->
  <testcase classname="testclasses.BaseTest" name="@BeforeSuite initBrowser" time="0.0">
    <ignored/>
  </testcase> <!-- @BeforeSuite initBrowser -->
</testsuite> <!-- Test -->
