<?xml version="1.0" encoding="UTF-8"?>
<!-- Generated by org.testng.reporters.JUnitXMLReporter -->
<testsuite ignored="2" hostname="DESKTOP-5EVK54D" failures="0" tests="9" name="Test" time="17.43" errors="0" timestamp="2023-05-09T08:45:22 IST">
  <testcase classname="testclasses.SearchTest" name="verifyTitle" time="0.036"/>
  <testcase classname="testclasses.SearchTest" name="searchProduct" time="0.249"/>
  <testcase classname="testclasses.SearchTest" name="validateSearchResults" time="3.674"/>
  <testcase classname="testclasses.SpiritsTest" name="selectProduct" time="1.219"/>
  <testcase classname="testclasses.SpiritsTest" name="sortByHighPrice" time="4.479"/>
  <testcase classname="testclasses.SpiritsTest" name="sortByAlphabet" time="3.872"/>
  <testcase classname="testclasses.AddToCartTest" name="selectItem" time="1.243"/>
  <testcase classname="testclasses.AddToCartTest" name="verifyAddToCart" time="0.162"/>
  <testcase classname="testclasses.AddToCartTest" name="searchOnCartPage" time="2.231"/>
  <testcase classname="testclasses.BaseTest" name="@BeforeSuite initBrowser" time="0.0">
    <ignored/>
  </testcase> <!-- @BeforeSuite initBrowser -->
  <testcase classname="testclasses.BaseTest" name="@BeforeSuite initBrowser" time="0.0">
    <ignored/>
  </testcase> <!-- @BeforeSuite initBrowser -->
</testsuite> <!-- Test -->
